c:\users\natal\documents\natalie\studium\studium\game engineering\u04\vektoriaapp\x64\debug\vc143.pdb
c:\users\natal\documents\natalie\studium\studium\game engineering\u04\vektoriaapp\x64\debug\vc143.idb
c:\users\natal\documents\natalie\studium\studium\game engineering\u04\vektoriaapp\x64\debug\vektoriaapp.obj
c:\users\natal\documents\natalie\studium\studium\game engineering\u04\vektoriaapp\x64\debug\game.obj
c:\users\natal\documents\natalie\studium\studium\game engineering\u03\x64\debug\vektoriaapp.exe
c:\users\natal\documents\natalie\studium\studium\game engineering\u03\x64\debug\vektoriaapp.pdb
c:\users\natal\documents\natalie\studium\studium\game engineering\u04\x64\debug\vektoriaapp.exe
c:\users\natal\documents\natalie\studium\studium\game engineering\u04\x64\debug\vektoriaapp.pdb
c:\users\natal\documents\natalie\studium\studium\game engineering\u03\vektoriaapp\x64\debug\vektoriaapp.res
c:\users\natal\documents\natalie\studium\studium\game engineering\u04\vektoriaapp\x64\debug\vektoriaapp.res
c:\users\natal\documents\natalie\studium\studium\game engineering\u04\vektoriaapp\x64\debug\vektoriaapp.ilk
c:\users\natal\documents\natalie\studium\studium\game engineering\u04\vektoriaapp\x64\debug\vektoriaapp.tlog\cl.command.1.tlog
c:\users\natal\documents\natalie\studium\studium\game engineering\u04\vektoriaapp\x64\debug\vektoriaapp.tlog\cl.items.tlog
c:\users\natal\documents\natalie\studium\studium\game engineering\u04\vektoriaapp\x64\debug\vektoriaapp.tlog\cl.read.1.tlog
c:\users\natal\documents\natalie\studium\studium\game engineering\u04\vektoriaapp\x64\debug\vektoriaapp.tlog\cl.write.1.tlog
c:\users\natal\documents\natalie\studium\studium\game engineering\u04\vektoriaapp\x64\debug\vektoriaapp.tlog\link.command.1.tlog
c:\users\natal\documents\natalie\studium\studium\game engineering\u04\vektoriaapp\x64\debug\vektoriaapp.tlog\link.read.1.tlog
c:\users\natal\documents\natalie\studium\studium\game engineering\u04\vektoriaapp\x64\debug\vektoriaapp.tlog\link.secondary.1.tlog
c:\users\natal\documents\natalie\studium\studium\game engineering\u04\vektoriaapp\x64\debug\vektoriaapp.tlog\link.write.1.tlog
c:\users\natal\documents\natalie\studium\studium\game engineering\u04\vektoriaapp\x64\debug\vektoriaapp.tlog\rc.command.1.tlog
c:\users\natal\documents\natalie\studium\studium\game engineering\u04\vektoriaapp\x64\debug\vektoriaapp.tlog\rc.read.1.tlog
c:\users\natal\documents\natalie\studium\studium\game engineering\u04\vektoriaapp\x64\debug\vektoriaapp.tlog\rc.write.1.tlog
